TN:
SF:app.js
FN:1,sortByName
FN:2,(anonymous_1)
FNF:2
FNH:2
FNDA:2,sortByName
FNDA:5,(anonymous_1)
DA:2,2
DA:3,5
DA:4,5
DA:5,5
DA:7,2
DA:8,3
DA:9,1
DA:11,2
DA:14,1
LF:9
LH:9
BRDA:5,0,0,2
BRDA:5,0,1,3
BRDA:8,1,0,2
BRDA:8,1,1,1
BRF:4
BRH:4
end_of_record
TN:
SF:test\unit\sortByName.test.js
FN:3,(anonymous_0)
FN:4,(anonymous_1)
FN:19,(anonymous_2)
FNF:3
FNH:3
FNDA:1,(anonymous_0)
FNDA:1,(anonymous_1)
FNDA:1,(anonymous_2)
DA:1,1
DA:3,1
DA:4,1
DA:5,1
DA:10,1
DA:15,1
DA:16,1
DA:19,1
DA:20,1
DA:24,1
DA:28,1
DA:29,1
LF:12
LH:12
BRF:0
BRH:0
end_of_record
